== cleanup start Tue Apr 21 12:00:01 PM UTC 2026 ==
== cleanup done Tue Apr 21 12:00:01 PM UTC 2026 ==
== cleanup start Tue Apr 21 01:00:01 PM UTC 2026 ==
== cleanup done Tue Apr 21 01:00:01 PM UTC 2026 ==
== cleanup start Tue Apr 21 02:00:01 PM UTC 2026 ==
== cleanup done Tue Apr 21 02:00:01 PM UTC 2026 ==
== cleanup start Tue Apr 21 03:00:01 PM UTC 2026 ==
== cleanup done Tue Apr 21 03:00:01 PM UTC 2026 ==
== cleanup start Tue Apr 21 05:00:01 PM UTC 2026 ==
== cleanup done Tue Apr 21 05:00:01 PM UTC 2026 ==
== cleanup start Tue Apr 21 06:00:01 PM UTC 2026 ==
== cleanup done Tue Apr 21 06:00:01 PM UTC 2026 ==
== cleanup start Tue Apr 21 07:00:01 PM UTC 2026 ==
== cleanup done Tue Apr 21 07:00:01 PM UTC 2026 ==
== cleanup start Tue Apr 21 08:00:01 PM UTC 2026 ==
== cleanup done Tue Apr 21 08:00:01 PM UTC 2026 ==
== cleanup start Tue Apr 21 09:00:01 PM UTC 2026 ==
== cleanup done Tue Apr 21 09:00:01 PM UTC 2026 ==
== cleanup start Tue Apr 21 10:00:01 PM UTC 2026 ==
== cleanup done Tue Apr 21 10:00:01 PM UTC 2026 ==
== cleanup start Tue Apr 21 11:00:01 PM UTC 2026 ==
== cleanup done Tue Apr 21 11:00:01 PM UTC 2026 ==
== cleanup start Wed Apr 22 12:00:01 AM UTC 2026 ==
== cleanup done Wed Apr 22 12:00:01 AM UTC 2026 ==
== cleanup start Wed Apr 22 04:00:01 AM UTC 2026 ==
== cleanup done Wed Apr 22 04:00:01 AM UTC 2026 ==
== cleanup start Wed Apr 22 05:00:01 AM UTC 2026 ==
== cleanup done Wed Apr 22 05:00:01 AM UTC 2026 ==
== cleanup start Wed Apr 22 06:00:01 AM UTC 2026 ==
== cleanup done Wed Apr 22 06:00:01 AM UTC 2026 ==
== cleanup start Wed Apr 22 07:00:01 AM UTC 2026 ==
== cleanup done Wed Apr 22 07:00:01 AM UTC 2026 ==
== cleanup start Wed Apr 22 08:00:01 AM UTC 2026 ==
== cleanup done Wed Apr 22 08:00:01 AM UTC 2026 ==
== cleanup start Wed Apr 22 09:00:01 AM UTC 2026 ==
== cleanup done Wed Apr 22 09:00:01 AM UTC 2026 ==
== cleanup start Wed Apr 22 10:00:01 AM UTC 2026 ==
== cleanup done Wed Apr 22 10:00:02 AM UTC 2026 ==
== cleanup start Wed Apr 22 11:00:01 AM UTC 2026 ==
== cleanup done Wed Apr 22 11:00:01 AM UTC 2026 ==
== cleanup start Wed Apr 22 12:00:01 PM UTC 2026 ==
== cleanup done Wed Apr 22 12:00:01 PM UTC 2026 ==
== cleanup start Wed Apr 22 01:00:01 PM UTC 2026 ==
== cleanup done Wed Apr 22 01:00:01 PM UTC 2026 ==
== cleanup start Wed Apr 22 02:00:01 PM UTC 2026 ==
== cleanup done Wed Apr 22 02:00:01 PM UTC 2026 ==
== cleanup start Wed Apr 22 03:00:01 PM UTC 2026 ==
== cleanup done Wed Apr 22 03:00:01 PM UTC 2026 ==
== cleanup start Wed Apr 22 04:00:01 PM UTC 2026 ==
== cleanup done Wed Apr 22 04:00:01 PM UTC 2026 ==
== cleanup start Wed Apr 22 05:00:02 PM UTC 2026 ==
== cleanup done Wed Apr 22 05:00:02 PM UTC 2026 ==
== cleanup start Wed Apr 22 06:00:01 PM UTC 2026 ==
== cleanup done Wed Apr 22 06:00:01 PM UTC 2026 ==
== cleanup start Wed Apr 22 07:00:01 PM UTC 2026 ==
== cleanup done Wed Apr 22 07:00:01 PM UTC 2026 ==
== cleanup start Wed Apr 22 08:00:01 PM UTC 2026 ==
== cleanup done Wed Apr 22 08:00:01 PM UTC 2026 ==
== cleanup start Wed Apr 22 09:00:01 PM UTC 2026 ==
== cleanup done Wed Apr 22 09:00:01 PM UTC 2026 ==
== cleanup start Thu Apr 23 12:00:02 AM UTC 2026 ==
== cleanup done Thu Apr 23 12:00:02 AM UTC 2026 ==
== cleanup start Thu Apr 23 01:00:01 AM UTC 2026 ==
== cleanup done Thu Apr 23 01:00:01 AM UTC 2026 ==
== cleanup start Thu Apr 23 02:00:01 AM UTC 2026 ==
== cleanup done Thu Apr 23 02:00:01 AM UTC 2026 ==
== cleanup start Thu Apr 23 03:00:01 AM UTC 2026 ==
== cleanup done Thu Apr 23 03:00:01 AM UTC 2026 ==
== cleanup start Thu Apr 23 04:00:01 AM UTC 2026 ==
== cleanup done Thu Apr 23 04:00:01 AM UTC 2026 ==
== cleanup start Thu Apr 23 05:00:01 AM UTC 2026 ==
== cleanup done Thu Apr 23 05:00:01 AM UTC 2026 ==
== cleanup start Thu Apr 23 06:00:01 AM UTC 2026 ==
== cleanup done Thu Apr 23 06:00:01 AM UTC 2026 ==
== cleanup start Thu Apr 23 07:00:01 AM UTC 2026 ==
== cleanup done Thu Apr 23 07:00:02 AM UTC 2026 ==
== cleanup start Thu Apr 23 08:00:01 AM UTC 2026 ==
== cleanup done Thu Apr 23 08:00:01 AM UTC 2026 ==
== cleanup start Thu Apr 23 09:00:01 AM UTC 2026 ==
== cleanup done Thu Apr 23 09:00:01 AM UTC 2026 ==
== cleanup start Thu Apr 23 10:00:01 AM UTC 2026 ==
== cleanup done Thu Apr 23 10:00:01 AM UTC 2026 ==
== cleanup start Thu Apr 23 11:00:01 AM UTC 2026 ==
== cleanup done Thu Apr 23 11:00:01 AM UTC 2026 ==
== cleanup start Thu Apr 23 12:00:01 PM UTC 2026 ==
== cleanup done Thu Apr 23 12:00:01 PM UTC 2026 ==
== cleanup start Thu Apr 23 01:00:01 PM UTC 2026 ==
== cleanup done Thu Apr 23 01:00:01 PM UTC 2026 ==
== cleanup start Thu Apr 23 02:00:01 PM UTC 2026 ==
== cleanup done Thu Apr 23 02:00:01 PM UTC 2026 ==
== cleanup start Thu Apr 23 03:00:01 PM UTC 2026 ==
== cleanup done Thu Apr 23 03:00:01 PM UTC 2026 ==
== cleanup start Thu Apr 23 04:00:01 PM UTC 2026 ==
== cleanup done Thu Apr 23 04:00:01 PM UTC 2026 ==
== cleanup start Thu Apr 23 05:00:01 PM UTC 2026 ==
== cleanup done Thu Apr 23 05:00:01 PM UTC 2026 ==
== cleanup start Thu Apr 23 06:00:01 PM UTC 2026 ==
== cleanup done Thu Apr 23 06:00:01 PM UTC 2026 ==
== cleanup start Thu Apr 23 07:00:01 PM UTC 2026 ==
== cleanup done Thu Apr 23 07:00:01 PM UTC 2026 ==
== cleanup start Thu Apr 23 08:00:01 PM UTC 2026 ==
== cleanup done Thu Apr 23 08:00:01 PM UTC 2026 ==
== cleanup start Thu Apr 23 09:00:01 PM UTC 2026 ==
== cleanup done Thu Apr 23 09:00:01 PM UTC 2026 ==
== cleanup start Thu Apr 23 10:00:01 PM UTC 2026 ==
== cleanup done Thu Apr 23 10:00:01 PM UTC 2026 ==
== cleanup start Thu Apr 23 11:00:01 PM UTC 2026 ==
== cleanup done Thu Apr 23 11:00:01 PM UTC 2026 ==
== cleanup start Fri Apr 24 12:00:01 AM UTC 2026 ==
== cleanup done Fri Apr 24 12:00:01 AM UTC 2026 ==
== cleanup start Fri Apr 24 01:00:01 AM UTC 2026 ==
== cleanup done Fri Apr 24 01:00:01 AM UTC 2026 ==
== cleanup start Fri Apr 24 02:00:01 AM UTC 2026 ==
== cleanup done Fri Apr 24 02:00:01 AM UTC 2026 ==
== cleanup start Fri Apr 24 03:00:01 AM UTC 2026 ==
== cleanup done Fri Apr 24 03:00:01 AM UTC 2026 ==
== cleanup start Fri Apr 24 04:00:01 AM UTC 2026 ==
== cleanup done Fri Apr 24 04:00:02 AM UTC 2026 ==
== cleanup start Fri Apr 24 05:00:01 AM UTC 2026 ==
== cleanup done Fri Apr 24 05:00:01 AM UTC 2026 ==
== cleanup start Fri Apr 24 06:00:01 AM UTC 2026 ==
== cleanup done Fri Apr 24 06:00:01 AM UTC 2026 ==
== cleanup start Fri Apr 24 07:00:01 AM UTC 2026 ==
== cleanup done Fri Apr 24 07:00:01 AM UTC 2026 ==
== cleanup start Fri Apr 24 08:00:01 AM UTC 2026 ==
== cleanup done Fri Apr 24 08:00:01 AM UTC 2026 ==
== cleanup start Fri Apr 24 09:00:01 AM UTC 2026 ==
== cleanup done Fri Apr 24 09:00:01 AM UTC 2026 ==
== cleanup start Fri Apr 24 10:00:01 AM UTC 2026 ==
== cleanup done Fri Apr 24 10:00:01 AM UTC 2026 ==
== cleanup start Fri Apr 24 11:00:01 AM UTC 2026 ==
== cleanup done Fri Apr 24 11:00:01 AM UTC 2026 ==
== cleanup start Fri Apr 24 12:00:01 PM UTC 2026 ==
== cleanup done Fri Apr 24 12:00:01 PM UTC 2026 ==
== cleanup start Fri Apr 24 01:00:01 PM UTC 2026 ==
== cleanup done Fri Apr 24 01:00:01 PM UTC 2026 ==
== cleanup start Fri Apr 24 02:00:01 PM UTC 2026 ==
== cleanup done Fri Apr 24 02:00:01 PM UTC 2026 ==
== cleanup start Fri Apr 24 03:00:01 PM UTC 2026 ==
== cleanup done Fri Apr 24 03:00:01 PM UTC 2026 ==
== cleanup start Fri Apr 24 04:00:01 PM UTC 2026 ==
== cleanup done Fri Apr 24 04:00:01 PM UTC 2026 ==
== cleanup start Fri Apr 24 05:00:01 PM UTC 2026 ==
== cleanup done Fri Apr 24 05:00:01 PM UTC 2026 ==
== cleanup start Fri Apr 24 06:00:01 PM UTC 2026 ==
== cleanup done Fri Apr 24 06:00:01 PM UTC 2026 ==
== cleanup start Fri Apr 24 07:00:01 PM UTC 2026 ==
== cleanup done Fri Apr 24 07:00:01 PM UTC 2026 ==
== cleanup start Fri Apr 24 08:00:01 PM UTC 2026 ==
== cleanup done Fri Apr 24 08:00:01 PM UTC 2026 ==
== cleanup start Fri Apr 24 09:00:01 PM UTC 2026 ==
== cleanup done Fri Apr 24 09:00:01 PM UTC 2026 ==
== cleanup start Fri Apr 24 10:00:01 PM UTC 2026 ==
== cleanup done Fri Apr 24 10:00:01 PM UTC 2026 ==
== cleanup start Fri Apr 24 11:00:01 PM UTC 2026 ==
== cleanup done Fri Apr 24 11:00:01 PM UTC 2026 ==
== cleanup start Sat Apr 25 12:00:01 AM UTC 2026 ==
== cleanup done Sat Apr 25 12:00:01 AM UTC 2026 ==
== cleanup start Sat Apr 25 01:00:01 AM UTC 2026 ==
== cleanup done Sat Apr 25 01:00:01 AM UTC 2026 ==
== cleanup start Sat Apr 25 02:00:01 AM UTC 2026 ==
== cleanup done Sat Apr 25 02:00:01 AM UTC 2026 ==
== cleanup start Sat Apr 25 03:00:01 AM UTC 2026 ==
== cleanup done Sat Apr 25 03:00:01 AM UTC 2026 ==
== cleanup start Sat Apr 25 04:00:01 AM UTC 2026 ==
== cleanup done Sat Apr 25 04:00:01 AM UTC 2026 ==
== cleanup start Sat Apr 25 05:00:01 AM UTC 2026 ==
== cleanup done Sat Apr 25 05:00:01 AM UTC 2026 ==
== cleanup start Sat Apr 25 06:00:01 AM UTC 2026 ==
== cleanup done Sat Apr 25 06:00:01 AM UTC 2026 ==
== cleanup start Sat Apr 25 07:00:01 AM UTC 2026 ==
== cleanup done Sat Apr 25 07:00:01 AM UTC 2026 ==
== cleanup start Sat Apr 25 08:00:01 AM UTC 2026 ==
== cleanup done Sat Apr 25 08:00:01 AM UTC 2026 ==
== cleanup start Sat Apr 25 09:00:01 AM UTC 2026 ==
== cleanup done Sat Apr 25 09:00:01 AM UTC 2026 ==
== cleanup start Sat Apr 25 10:00:01 AM UTC 2026 ==
== cleanup done Sat Apr 25 10:00:01 AM UTC 2026 ==
== cleanup start Sat Apr 25 11:00:01 AM UTC 2026 ==
== cleanup done Sat Apr 25 11:00:01 AM UTC 2026 ==
== cleanup start Sat Apr 25 12:00:01 PM UTC 2026 ==
== cleanup done Sat Apr 25 12:00:01 PM UTC 2026 ==
== cleanup start Sat Apr 25 01:00:01 PM UTC 2026 ==
== cleanup done Sat Apr 25 01:00:01 PM UTC 2026 ==
== cleanup start Sat Apr 25 02:00:01 PM UTC 2026 ==
== cleanup done Sat Apr 25 02:00:01 PM UTC 2026 ==
== cleanup start Sat Apr 25 03:00:01 PM UTC 2026 ==
== cleanup done Sat Apr 25 03:00:02 PM UTC 2026 ==
== cleanup start Sat Apr 25 04:00:01 PM UTC 2026 ==
== cleanup done Sat Apr 25 04:00:01 PM UTC 2026 ==
== cleanup start Sat Apr 25 05:00:01 PM UTC 2026 ==
== cleanup done Sat Apr 25 05:00:01 PM UTC 2026 ==
== cleanup start Sat Apr 25 06:00:01 PM UTC 2026 ==
== cleanup done Sat Apr 25 06:00:01 PM UTC 2026 ==
== cleanup start Sat Apr 25 07:00:01 PM UTC 2026 ==
== cleanup done Sat Apr 25 07:00:01 PM UTC 2026 ==
== cleanup start Sat Apr 25 08:00:01 PM UTC 2026 ==
== cleanup done Sat Apr 25 08:00:01 PM UTC 2026 ==
== cleanup start Sat Apr 25 09:00:01 PM UTC 2026 ==
== cleanup done Sat Apr 25 09:00:01 PM UTC 2026 ==
== cleanup start Sat Apr 25 10:00:01 PM UTC 2026 ==
== cleanup done Sat Apr 25 10:00:01 PM UTC 2026 ==
== cleanup start Sat Apr 25 11:00:01 PM UTC 2026 ==
== cleanup done Sat Apr 25 11:00:01 PM UTC 2026 ==
== cleanup start Sun Apr 26 12:00:01 AM UTC 2026 ==
== cleanup done Sun Apr 26 12:00:01 AM UTC 2026 ==
== cleanup start Sun Apr 26 01:00:01 AM UTC 2026 ==
== cleanup done Sun Apr 26 01:00:01 AM UTC 2026 ==
== cleanup start Sun Apr 26 02:00:01 AM UTC 2026 ==
== cleanup done Sun Apr 26 02:00:01 AM UTC 2026 ==
== cleanup start Sun Apr 26 03:00:01 AM UTC 2026 ==
== cleanup done Sun Apr 26 03:00:01 AM UTC 2026 ==
== cleanup start Sun Apr 26 04:00:01 AM UTC 2026 ==
== cleanup done Sun Apr 26 04:00:01 AM UTC 2026 ==
== cleanup start Sun Apr 26 05:00:01 AM UTC 2026 ==
== cleanup done Sun Apr 26 05:00:01 AM UTC 2026 ==
== cleanup start Sun Apr 26 06:00:01 AM UTC 2026 ==
== cleanup done Sun Apr 26 06:00:01 AM UTC 2026 ==
== cleanup start Sun Apr 26 07:00:01 AM UTC 2026 ==
== cleanup done Sun Apr 26 07:00:01 AM UTC 2026 ==
== cleanup start Sun Apr 26 08:00:01 AM UTC 2026 ==
== cleanup done Sun Apr 26 08:00:01 AM UTC 2026 ==
== cleanup start Sun Apr 26 09:00:01 AM UTC 2026 ==
== cleanup done Sun Apr 26 09:00:01 AM UTC 2026 ==
== cleanup start Sun Apr 26 10:00:01 AM UTC 2026 ==
== cleanup done Sun Apr 26 10:00:01 AM UTC 2026 ==
== cleanup start Sun Apr 26 11:00:01 AM UTC 2026 ==
== cleanup done Sun Apr 26 11:00:01 AM UTC 2026 ==
== cleanup start Sun Apr 26 12:00:01 PM UTC 2026 ==
== cleanup done Sun Apr 26 12:00:01 PM UTC 2026 ==
== cleanup start Sun Apr 26 01:00:01 PM UTC 2026 ==
== cleanup done Sun Apr 26 01:00:01 PM UTC 2026 ==
== cleanup start Sun Apr 26 02:00:01 PM UTC 2026 ==
== cleanup done Sun Apr 26 02:00:01 PM UTC 2026 ==
== cleanup start Sun Apr 26 03:00:01 PM UTC 2026 ==
== cleanup done Sun Apr 26 03:00:01 PM UTC 2026 ==
== cleanup start Sun Apr 26 04:00:01 PM UTC 2026 ==
== cleanup done Sun Apr 26 04:00:01 PM UTC 2026 ==
== cleanup start Sun Apr 26 05:00:02 PM UTC 2026 ==
== cleanup done Sun Apr 26 05:00:02 PM UTC 2026 ==
== cleanup start Sun Apr 26 06:00:01 PM UTC 2026 ==
== cleanup done Sun Apr 26 06:00:01 PM UTC 2026 ==
== cleanup start Sun Apr 26 07:00:01 PM UTC 2026 ==
== cleanup done Sun Apr 26 07:00:01 PM UTC 2026 ==
== cleanup start Sun Apr 26 08:00:01 PM UTC 2026 ==
== cleanup done Sun Apr 26 08:00:01 PM UTC 2026 ==
== cleanup start Sun Apr 26 09:00:01 PM UTC 2026 ==
== cleanup done Sun Apr 26 09:00:01 PM UTC 2026 ==
== cleanup start Sun Apr 26 10:00:01 PM UTC 2026 ==
== cleanup done Sun Apr 26 10:00:01 PM UTC 2026 ==
== cleanup start Sun Apr 26 11:00:01 PM UTC 2026 ==
== cleanup done Sun Apr 26 11:00:01 PM UTC 2026 ==
== cleanup start Mon Apr 27 12:00:02 AM UTC 2026 ==
== cleanup done Mon Apr 27 12:00:02 AM UTC 2026 ==
== cleanup start Mon Apr 27 01:00:01 AM UTC 2026 ==
== cleanup done Mon Apr 27 01:00:01 AM UTC 2026 ==
== cleanup start Mon Apr 27 02:00:01 AM UTC 2026 ==
== cleanup done Mon Apr 27 02:00:01 AM UTC 2026 ==
== cleanup start Mon Apr 27 03:00:01 AM UTC 2026 ==
== cleanup done Mon Apr 27 03:00:01 AM UTC 2026 ==
== cleanup start Mon Apr 27 04:00:01 AM UTC 2026 ==
== cleanup done Mon Apr 27 04:00:01 AM UTC 2026 ==
== cleanup start Mon Apr 27 05:00:01 AM UTC 2026 ==
== cleanup done Mon Apr 27 05:00:01 AM UTC 2026 ==
== cleanup start Mon Apr 27 06:00:01 AM UTC 2026 ==
== cleanup done Mon Apr 27 06:00:01 AM UTC 2026 ==
== cleanup start Mon Apr 27 07:00:01 AM UTC 2026 ==
== cleanup done Mon Apr 27 07:00:01 AM UTC 2026 ==
== cleanup start Mon Apr 27 08:00:01 AM UTC 2026 ==
== cleanup done Mon Apr 27 08:00:01 AM UTC 2026 ==
== cleanup start Mon Apr 27 09:00:01 AM UTC 2026 ==
== cleanup done Mon Apr 27 09:00:01 AM UTC 2026 ==
== cleanup start Mon Apr 27 10:00:01 AM UTC 2026 ==
== cleanup done Mon Apr 27 10:00:01 AM UTC 2026 ==
== cleanup start Mon Apr 27 11:00:01 AM UTC 2026 ==
== cleanup done Mon Apr 27 11:00:01 AM UTC 2026 ==
== cleanup start Mon Apr 27 12:00:01 PM UTC 2026 ==
== cleanup done Mon Apr 27 12:00:01 PM UTC 2026 ==
== cleanup start Mon Apr 27 01:00:01 PM UTC 2026 ==
== cleanup done Mon Apr 27 01:00:02 PM UTC 2026 ==
== cleanup start Mon Apr 27 02:00:01 PM UTC 2026 ==
== cleanup done Mon Apr 27 02:00:01 PM UTC 2026 ==
== cleanup start Mon Apr 27 03:00:01 PM UTC 2026 ==
== cleanup done Mon Apr 27 03:00:01 PM UTC 2026 ==
== cleanup start Mon Apr 27 04:00:01 PM UTC 2026 ==
== cleanup done Mon Apr 27 04:00:01 PM UTC 2026 ==
== cleanup start Mon Apr 27 05:00:01 PM UTC 2026 ==
== cleanup done Mon Apr 27 05:00:01 PM UTC 2026 ==
== cleanup start Mon Apr 27 06:00:01 PM UTC 2026 ==
== cleanup done Mon Apr 27 06:00:01 PM UTC 2026 ==
== cleanup start Mon Apr 27 07:00:01 PM UTC 2026 ==
== cleanup done Mon Apr 27 07:00:01 PM UTC 2026 ==
== cleanup start Mon Apr 27 08:00:01 PM UTC 2026 ==
== cleanup done Mon Apr 27 08:00:01 PM UTC 2026 ==
== cleanup start Mon Apr 27 09:00:01 PM UTC 2026 ==
== cleanup done Mon Apr 27 09:00:01 PM UTC 2026 ==
== cleanup start Mon Apr 27 10:00:01 PM UTC 2026 ==
== cleanup done Mon Apr 27 10:00:01 PM UTC 2026 ==
== cleanup start Mon Apr 27 11:00:01 PM UTC 2026 ==
== cleanup done Mon Apr 27 11:00:01 PM UTC 2026 ==
== cleanup start Tue Apr 28 12:00:01 AM UTC 2026 ==
== cleanup done Tue Apr 28 12:00:01 AM UTC 2026 ==
== cleanup start Tue Apr 28 01:00:01 AM UTC 2026 ==
== cleanup done Tue Apr 28 01:00:01 AM UTC 2026 ==
== cleanup start Tue Apr 28 02:00:01 AM UTC 2026 ==
== cleanup done Tue Apr 28 02:00:01 AM UTC 2026 ==
== cleanup start Tue Apr 28 03:00:01 AM UTC 2026 ==
== cleanup done Tue Apr 28 03:00:01 AM UTC 2026 ==
== cleanup start Tue Apr 28 04:00:01 AM UTC 2026 ==
== cleanup done Tue Apr 28 04:00:01 AM UTC 2026 ==
== cleanup start Tue Apr 28 05:00:01 AM UTC 2026 ==
== cleanup done Tue Apr 28 05:00:01 AM UTC 2026 ==
== cleanup start Tue Apr 28 06:00:01 AM UTC 2026 ==
== cleanup done Tue Apr 28 06:00:01 AM UTC 2026 ==
== cleanup start Tue Apr 28 07:00:01 AM UTC 2026 ==
== cleanup done Tue Apr 28 07:00:01 AM UTC 2026 ==
== cleanup start Tue Apr 28 08:00:01 AM UTC 2026 ==
== cleanup done Tue Apr 28 08:00:01 AM UTC 2026 ==
== cleanup start Tue Apr 28 09:00:01 AM UTC 2026 ==
== cleanup done Tue Apr 28 09:00:01 AM UTC 2026 ==
== cleanup start Tue Apr 28 10:00:01 AM UTC 2026 ==
== cleanup done Tue Apr 28 10:00:01 AM UTC 2026 ==
== cleanup start Tue Apr 28 11:00:01 AM UTC 2026 ==
== cleanup done Tue Apr 28 11:00:01 AM UTC 2026 ==
== cleanup start Tue Apr 28 12:00:01 PM UTC 2026 ==
== cleanup done Tue Apr 28 12:00:01 PM UTC 2026 ==
== cleanup start Tue Apr 28 01:00:01 PM UTC 2026 ==
== cleanup done Tue Apr 28 01:00:01 PM UTC 2026 ==
== cleanup start Tue Apr 28 02:00:01 PM UTC 2026 ==
== cleanup done Tue Apr 28 02:00:01 PM UTC 2026 ==
== cleanup start Tue Apr 28 03:00:01 PM UTC 2026 ==
== cleanup done Tue Apr 28 03:00:01 PM UTC 2026 ==
== cleanup start Tue Apr 28 04:00:01 PM UTC 2026 ==
== cleanup done Tue Apr 28 04:00:01 PM UTC 2026 ==
== cleanup start Tue Apr 28 05:00:01 PM UTC 2026 ==
== cleanup done Tue Apr 28 05:00:01 PM UTC 2026 ==
== cleanup start Tue Apr 28 06:00:01 PM UTC 2026 ==
== cleanup done Tue Apr 28 06:00:01 PM UTC 2026 ==
== cleanup start Tue Apr 28 07:00:01 PM UTC 2026 ==
== cleanup done Tue Apr 28 07:00:01 PM UTC 2026 ==
== cleanup start Tue Apr 28 08:00:01 PM UTC 2026 ==
== cleanup done Tue Apr 28 08:00:01 PM UTC 2026 ==
== cleanup start Tue Apr 28 09:00:01 PM UTC 2026 ==
== cleanup done Tue Apr 28 09:00:01 PM UTC 2026 ==
== cleanup start Tue Apr 28 10:00:02 PM UTC 2026 ==
== cleanup done Tue Apr 28 10:00:02 PM UTC 2026 ==
== cleanup start Tue Apr 28 11:00:01 PM UTC 2026 ==
== cleanup done Tue Apr 28 11:00:01 PM UTC 2026 ==
== cleanup start Wed Apr 29 12:00:01 AM UTC 2026 ==
== cleanup done Wed Apr 29 12:00:01 AM UTC 2026 ==
== cleanup start Wed Apr 29 01:00:01 AM UTC 2026 ==
== cleanup done Wed Apr 29 01:00:01 AM UTC 2026 ==
== cleanup start Wed Apr 29 02:00:01 AM UTC 2026 ==
== cleanup done Wed Apr 29 02:00:01 AM UTC 2026 ==
== cleanup start Wed Apr 29 03:00:01 AM UTC 2026 ==
== cleanup done Wed Apr 29 03:00:01 AM UTC 2026 ==
== cleanup start Wed Apr 29 04:00:01 AM UTC 2026 ==
== cleanup done Wed Apr 29 04:00:01 AM UTC 2026 ==
== cleanup start Wed Apr 29 05:00:01 AM UTC 2026 ==
== cleanup done Wed Apr 29 05:00:01 AM UTC 2026 ==
== cleanup start Wed Apr 29 06:00:01 AM UTC 2026 ==
== cleanup done Wed Apr 29 06:00:01 AM UTC 2026 ==
== cleanup start Wed Apr 29 07:00:01 AM UTC 2026 ==
== cleanup done Wed Apr 29 07:00:01 AM UTC 2026 ==
== cleanup start Wed Apr 29 08:00:01 AM UTC 2026 ==
== cleanup done Wed Apr 29 08:00:01 AM UTC 2026 ==
== cleanup start Wed Apr 29 09:00:01 AM UTC 2026 ==
== cleanup done Wed Apr 29 09:00:01 AM UTC 2026 ==
== cleanup start Wed Apr 29 10:00:01 AM UTC 2026 ==
== cleanup done Wed Apr 29 10:00:01 AM UTC 2026 ==
== cleanup start Wed Apr 29 11:00:01 AM UTC 2026 ==
== cleanup done Wed Apr 29 11:00:02 AM UTC 2026 ==
== cleanup start Wed Apr 29 12:00:01 PM UTC 2026 ==
== cleanup done Wed Apr 29 12:00:01 PM UTC 2026 ==
== cleanup start Wed Apr 29 01:00:01 PM UTC 2026 ==
== cleanup done Wed Apr 29 01:00:01 PM UTC 2026 ==
== cleanup start Wed Apr 29 02:00:01 PM UTC 2026 ==
== cleanup done Wed Apr 29 02:00:01 PM UTC 2026 ==
== cleanup start Wed Apr 29 03:00:01 PM UTC 2026 ==
== cleanup done Wed Apr 29 03:00:01 PM UTC 2026 ==
== cleanup start Wed Apr 29 04:00:01 PM UTC 2026 ==
== cleanup done Wed Apr 29 04:00:01 PM UTC 2026 ==
== cleanup start Wed Apr 29 05:00:01 PM UTC 2026 ==
== cleanup done Wed Apr 29 05:00:01 PM UTC 2026 ==
== cleanup start Wed Apr 29 06:00:01 PM UTC 2026 ==
== cleanup done Wed Apr 29 06:00:02 PM UTC 2026 ==
== cleanup start Wed Apr 29 07:00:01 PM UTC 2026 ==
== cleanup done Wed Apr 29 07:00:01 PM UTC 2026 ==
== cleanup start Wed Apr 29 08:00:01 PM UTC 2026 ==
== cleanup done Wed Apr 29 08:00:01 PM UTC 2026 ==
== cleanup start Wed Apr 29 09:00:01 PM UTC 2026 ==
== cleanup done Wed Apr 29 09:00:01 PM UTC 2026 ==
== cleanup start Wed Apr 29 10:00:01 PM UTC 2026 ==
== cleanup done Wed Apr 29 10:00:01 PM UTC 2026 ==
== cleanup start Wed Apr 29 11:00:01 PM UTC 2026 ==
== cleanup done Wed Apr 29 11:00:01 PM UTC 2026 ==
== cleanup start Thu Apr 30 12:00:01 AM UTC 2026 ==
== cleanup done Thu Apr 30 12:00:01 AM UTC 2026 ==
== cleanup start Thu Apr 30 01:00:01 AM UTC 2026 ==
== cleanup done Thu Apr 30 01:00:01 AM UTC 2026 ==
== cleanup start Thu Apr 30 02:00:01 AM UTC 2026 ==
== cleanup done Thu Apr 30 02:00:01 AM UTC 2026 ==
== cleanup start Thu Apr 30 03:00:01 AM UTC 2026 ==
== cleanup done Thu Apr 30 03:00:01 AM UTC 2026 ==
== cleanup start Thu Apr 30 04:00:01 AM UTC 2026 ==
== cleanup done Thu Apr 30 04:00:01 AM UTC 2026 ==
== cleanup start Thu Apr 30 05:00:01 AM UTC 2026 ==
== cleanup done Thu Apr 30 05:00:01 AM UTC 2026 ==
== cleanup start Thu Apr 30 06:00:01 AM UTC 2026 ==
== cleanup done Thu Apr 30 06:00:01 AM UTC 2026 ==
== cleanup start Thu Apr 30 07:00:01 AM UTC 2026 ==
== cleanup done Thu Apr 30 07:00:02 AM UTC 2026 ==
== cleanup start Thu Apr 30 08:00:01 AM UTC 2026 ==
== cleanup done Thu Apr 30 08:00:01 AM UTC 2026 ==
== cleanup start Thu Apr 30 09:00:01 AM UTC 2026 ==
== cleanup done Thu Apr 30 09:00:01 AM UTC 2026 ==
== cleanup start Thu Apr 30 10:00:01 AM UTC 2026 ==
== cleanup done Thu Apr 30 10:00:01 AM UTC 2026 ==
== cleanup start Thu Apr 30 11:00:01 AM UTC 2026 ==
== cleanup done Thu Apr 30 11:00:01 AM UTC 2026 ==
== cleanup start Thu Apr 30 12:00:01 PM UTC 2026 ==
== cleanup done Thu Apr 30 12:00:01 PM UTC 2026 ==
== cleanup start Thu Apr 30 01:00:01 PM UTC 2026 ==
== cleanup done Thu Apr 30 01:00:01 PM UTC 2026 ==
== cleanup start Thu Apr 30 02:00:02 PM UTC 2026 ==
== cleanup done Thu Apr 30 02:00:02 PM UTC 2026 ==
== cleanup start Thu Apr 30 03:00:01 PM UTC 2026 ==
== cleanup done Thu Apr 30 03:00:01 PM UTC 2026 ==
== cleanup start Thu Apr 30 04:00:01 PM UTC 2026 ==
== cleanup done Thu Apr 30 04:00:01 PM UTC 2026 ==
== cleanup start Thu Apr 30 05:00:01 PM UTC 2026 ==
== cleanup done Thu Apr 30 05:00:01 PM UTC 2026 ==
== cleanup start Thu Apr 30 06:00:01 PM UTC 2026 ==
== cleanup done Thu Apr 30 06:00:01 PM UTC 2026 ==
== cleanup start Thu Apr 30 07:00:01 PM UTC 2026 ==
== cleanup done Thu Apr 30 07:00:01 PM UTC 2026 ==
== cleanup start Thu Apr 30 08:00:01 PM UTC 2026 ==
== cleanup done Thu Apr 30 08:00:01 PM UTC 2026 ==
== cleanup start Thu Apr 30 09:00:01 PM UTC 2026 ==
== cleanup done Thu Apr 30 09:00:01 PM UTC 2026 ==
== cleanup start Thu Apr 30 10:00:01 PM UTC 2026 ==
== cleanup done Thu Apr 30 10:00:01 PM UTC 2026 ==
== cleanup start Thu Apr 30 11:00:01 PM UTC 2026 ==
== cleanup done Thu Apr 30 11:00:01 PM UTC 2026 ==
== cleanup start Fri May  1 12:00:01 AM UTC 2026 ==
== cleanup done Fri May  1 12:00:01 AM UTC 2026 ==
== cleanup start Fri May  1 01:00:01 AM UTC 2026 ==
== cleanup done Fri May  1 01:00:01 AM UTC 2026 ==
== cleanup start Fri May  1 02:00:01 AM UTC 2026 ==
== cleanup done Fri May  1 02:00:01 AM UTC 2026 ==
== cleanup start Fri May  1 03:00:01 AM UTC 2026 ==
== cleanup done Fri May  1 03:00:01 AM UTC 2026 ==
== cleanup start Fri May  1 04:00:01 AM UTC 2026 ==
== cleanup done Fri May  1 04:00:01 AM UTC 2026 ==
== cleanup start Fri May  1 05:00:01 AM UTC 2026 ==
== cleanup done Fri May  1 05:00:01 AM UTC 2026 ==
== cleanup start Fri May  1 06:00:01 AM UTC 2026 ==
== cleanup done Fri May  1 06:00:01 AM UTC 2026 ==
== cleanup start Fri May  1 07:00:01 AM UTC 2026 ==
== cleanup done Fri May  1 07:00:01 AM UTC 2026 ==
== cleanup start Fri May  1 08:00:01 AM UTC 2026 ==
== cleanup done Fri May  1 08:00:01 AM UTC 2026 ==
== cleanup start Fri May  1 09:00:01 AM UTC 2026 ==
== cleanup done Fri May  1 09:00:01 AM UTC 2026 ==
== cleanup start Fri May  1 10:00:01 AM UTC 2026 ==
== cleanup done Fri May  1 10:00:02 AM UTC 2026 ==
== cleanup start Fri May  1 11:00:01 AM UTC 2026 ==
== cleanup done Fri May  1 11:00:01 AM UTC 2026 ==
== cleanup start Fri May  1 12:00:01 PM UTC 2026 ==
== cleanup done Fri May  1 12:00:01 PM UTC 2026 ==
== cleanup start Fri May  1 01:00:01 PM UTC 2026 ==
== cleanup done Fri May  1 01:00:01 PM UTC 2026 ==
== cleanup start Fri May  1 02:00:01 PM UTC 2026 ==
== cleanup done Fri May  1 02:00:01 PM UTC 2026 ==
== cleanup start Fri May  1 03:00:01 PM UTC 2026 ==
== cleanup done Fri May  1 03:00:01 PM UTC 2026 ==
== cleanup start Fri May  1 04:00:01 PM UTC 2026 ==
== cleanup done Fri May  1 04:00:01 PM UTC 2026 ==
== cleanup start Fri May  1 05:00:02 PM UTC 2026 ==
== cleanup done Fri May  1 05:00:02 PM UTC 2026 ==
== cleanup start Fri May  1 06:00:01 PM UTC 2026 ==
== cleanup done Fri May  1 06:00:01 PM UTC 2026 ==
== cleanup start Sun May  3 05:00:01 PM UTC 2026 ==
== cleanup done Sun May  3 05:00:01 PM UTC 2026 ==
== cleanup start Sun May  3 06:00:01 PM UTC 2026 ==
== cleanup done Sun May  3 06:00:01 PM UTC 2026 ==
== cleanup start Sun May  3 07:00:01 PM UTC 2026 ==
== cleanup done Sun May  3 07:00:01 PM UTC 2026 ==
== cleanup start Sun May  3 08:00:01 PM UTC 2026 ==
== cleanup done Sun May  3 08:00:01 PM UTC 2026 ==
== cleanup start Sun May  3 09:00:01 PM UTC 2026 ==
== cleanup done Sun May  3 09:00:01 PM UTC 2026 ==
== cleanup start Sun May  3 10:00:01 PM UTC 2026 ==
== cleanup done Sun May  3 10:00:01 PM UTC 2026 ==
== cleanup start Sun May  3 11:00:01 PM UTC 2026 ==
== cleanup done Sun May  3 11:00:02 PM UTC 2026 ==
== cleanup start Mon May  4 12:00:01 AM UTC 2026 ==
== cleanup done Mon May  4 12:00:01 AM UTC 2026 ==
== cleanup start Mon May  4 01:00:01 AM UTC 2026 ==
== cleanup done Mon May  4 01:00:01 AM UTC 2026 ==
== cleanup start Mon May  4 02:00:01 AM UTC 2026 ==
== cleanup done Mon May  4 02:00:01 AM UTC 2026 ==
== cleanup start Mon May  4 03:00:01 AM UTC 2026 ==
== cleanup done Mon May  4 03:00:01 AM UTC 2026 ==
== cleanup start Mon May  4 04:00:01 AM UTC 2026 ==
== cleanup done Mon May  4 04:00:01 AM UTC 2026 ==
== cleanup start Mon May  4 05:00:01 AM UTC 2026 ==
== cleanup done Mon May  4 05:00:01 AM UTC 2026 ==
== cleanup start Mon May  4 06:00:02 AM UTC 2026 ==
== cleanup done Mon May  4 06:00:02 AM UTC 2026 ==
== cleanup start Mon May  4 07:00:01 AM UTC 2026 ==
== cleanup done Mon May  4 07:00:01 AM UTC 2026 ==
== cleanup start Mon May  4 08:00:01 AM UTC 2026 ==
== cleanup done Mon May  4 08:00:01 AM UTC 2026 ==
== cleanup start Mon May  4 09:00:01 AM UTC 2026 ==
== cleanup done Mon May  4 09:00:01 AM UTC 2026 ==
== cleanup start Mon May  4 10:00:01 AM UTC 2026 ==
== cleanup done Mon May  4 10:00:01 AM UTC 2026 ==
== cleanup start Mon May  4 11:00:01 AM UTC 2026 ==
== cleanup done Mon May  4 11:00:01 AM UTC 2026 ==
== cleanup start Mon May  4 12:00:01 PM UTC 2026 ==
== cleanup done Mon May  4 12:00:01 PM UTC 2026 ==
== cleanup start Mon May  4 01:00:01 PM UTC 2026 ==
== cleanup done Mon May  4 01:00:01 PM UTC 2026 ==
== cleanup start Mon May  4 02:00:01 PM UTC 2026 ==
== cleanup done Mon May  4 02:00:01 PM UTC 2026 ==
== cleanup start Mon May  4 03:00:01 PM UTC 2026 ==
== cleanup done Mon May  4 03:00:01 PM UTC 2026 ==
== cleanup start Mon May  4 04:00:01 PM UTC 2026 ==
== cleanup done Mon May  4 04:00:01 PM UTC 2026 ==
== cleanup start Mon May  4 05:00:01 PM UTC 2026 ==
== cleanup done Mon May  4 05:00:01 PM UTC 2026 ==
== cleanup start Mon May  4 06:00:01 PM UTC 2026 ==
== cleanup done Mon May  4 06:00:01 PM UTC 2026 ==
== cleanup start Mon May  4 07:00:01 PM UTC 2026 ==
== cleanup done Mon May  4 07:00:01 PM UTC 2026 ==
== cleanup start Mon May  4 08:00:01 PM UTC 2026 ==
== cleanup done Mon May  4 08:00:01 PM UTC 2026 ==
== cleanup start Fri May 15 04:00:01 PM UTC 2026 ==
== cleanup done Fri May 15 04:00:01 PM UTC 2026 ==
== cleanup start Fri May 15 05:00:01 PM UTC 2026 ==
== cleanup done Fri May 15 05:00:01 PM UTC 2026 ==
== cleanup start Fri May 15 06:00:01 PM UTC 2026 ==
== cleanup done Fri May 15 06:00:01 PM UTC 2026 ==
== cleanup start Fri May 15 07:00:01 PM UTC 2026 ==
== cleanup done Fri May 15 07:00:01 PM UTC 2026 ==
== cleanup start Fri May 15 08:00:01 PM UTC 2026 ==
== cleanup done Fri May 15 08:00:01 PM UTC 2026 ==
== cleanup start Fri May 15 09:00:01 PM UTC 2026 ==
== cleanup done Fri May 15 09:00:01 PM UTC 2026 ==
== cleanup start Fri May 15 10:00:01 PM UTC 2026 ==
== cleanup done Fri May 15 10:00:01 PM UTC 2026 ==
== cleanup start Fri May 15 11:00:01 PM UTC 2026 ==
== cleanup done Fri May 15 11:00:01 PM UTC 2026 ==
== cleanup start Sat May 16 12:00:01 AM UTC 2026 ==
== cleanup done Sat May 16 12:00:01 AM UTC 2026 ==
== cleanup start Sat May 16 01:00:01 AM UTC 2026 ==
== cleanup done Sat May 16 01:00:01 AM UTC 2026 ==
== cleanup start Sat May 16 02:00:01 AM UTC 2026 ==
== cleanup done Sat May 16 02:00:01 AM UTC 2026 ==
== cleanup start Sat May 16 03:00:01 AM UTC 2026 ==
== cleanup done Sat May 16 03:00:01 AM UTC 2026 ==
== cleanup start Sat May 16 04:00:01 AM UTC 2026 ==
== cleanup done Sat May 16 04:00:01 AM UTC 2026 ==
== cleanup start Sat May 16 05:00:01 AM UTC 2026 ==
== cleanup done Sat May 16 05:00:01 AM UTC 2026 ==
== cleanup start Sat May 16 06:00:01 AM UTC 2026 ==
== cleanup done Sat May 16 06:00:01 AM UTC 2026 ==
== cleanup start Sat May 16 07:00:01 AM UTC 2026 ==
== cleanup done Sat May 16 07:00:01 AM UTC 2026 ==
== cleanup start Sat May 16 08:00:01 AM UTC 2026 ==
== cleanup done Sat May 16 08:00:01 AM UTC 2026 ==
== cleanup start Sat May 16 09:00:01 AM UTC 2026 ==
== cleanup done Sat May 16 09:00:01 AM UTC 2026 ==
== cleanup start Sat May 16 10:00:01 AM UTC 2026 ==
== cleanup done Sat May 16 10:00:01 AM UTC 2026 ==
== cleanup start Sat May 16 11:00:01 AM UTC 2026 ==
== cleanup done Sat May 16 11:00:01 AM UTC 2026 ==
== cleanup start Sat May 16 12:00:01 PM UTC 2026 ==
== cleanup done Sat May 16 12:00:01 PM UTC 2026 ==
== cleanup start Sat May 16 01:00:01 PM UTC 2026 ==
== cleanup done Sat May 16 01:00:01 PM UTC 2026 ==
== cleanup start Sat May 16 02:00:01 PM UTC 2026 ==
== cleanup done Sat May 16 02:00:01 PM UTC 2026 ==
== cleanup start Sat May 16 03:00:01 PM UTC 2026 ==
== cleanup done Sat May 16 03:00:01 PM UTC 2026 ==
== cleanup start Sat May 16 04:00:01 PM UTC 2026 ==
== cleanup done Sat May 16 04:00:01 PM UTC 2026 ==
== cleanup start Sat May 16 05:00:01 PM UTC 2026 ==
== cleanup done Sat May 16 05:00:01 PM UTC 2026 ==
== cleanup start Sat May 16 06:00:01 PM UTC 2026 ==
== cleanup done Sat May 16 06:00:01 PM UTC 2026 ==
== cleanup start Sat May 16 07:00:01 PM UTC 2026 ==
== cleanup done Sat May 16 07:00:01 PM UTC 2026 ==
== cleanup start Sat May 16 08:00:01 PM UTC 2026 ==
== cleanup done Sat May 16 08:00:01 PM UTC 2026 ==
== cleanup start Sat May 16 09:00:01 PM UTC 2026 ==
== cleanup done Sat May 16 09:00:01 PM UTC 2026 ==
== cleanup start Sat May 16 10:00:01 PM UTC 2026 ==
== cleanup done Sat May 16 10:00:01 PM UTC 2026 ==
== cleanup start Sat May 16 11:00:01 PM UTC 2026 ==
== cleanup done Sat May 16 11:00:01 PM UTC 2026 ==
== cleanup start Sun May 17 12:00:01 AM UTC 2026 ==
== cleanup done Sun May 17 12:00:02 AM UTC 2026 ==
== cleanup start Sun May 17 01:00:01 AM UTC 2026 ==
== cleanup done Sun May 17 01:00:01 AM UTC 2026 ==
== cleanup start Sun May 17 02:00:01 AM UTC 2026 ==
== cleanup done Sun May 17 02:00:01 AM UTC 2026 ==
== cleanup start Sun May 17 03:00:01 AM UTC 2026 ==
== cleanup done Sun May 17 03:00:01 AM UTC 2026 ==
== cleanup start Sun May 17 04:00:01 AM UTC 2026 ==
== cleanup done Sun May 17 04:00:01 AM UTC 2026 ==
== cleanup start Sun May 17 05:00:01 AM UTC 2026 ==
== cleanup done Sun May 17 05:00:01 AM UTC 2026 ==
== cleanup start Sun May 17 06:00:01 AM UTC 2026 ==
== cleanup done Sun May 17 06:00:01 AM UTC 2026 ==
== cleanup start Sun May 17 07:00:01 AM UTC 2026 ==
== cleanup done Sun May 17 07:00:01 AM UTC 2026 ==
== cleanup start Sun May 17 08:00:01 AM UTC 2026 ==
== cleanup done Sun May 17 08:00:01 AM UTC 2026 ==
== cleanup start Sun May 17 09:00:01 AM UTC 2026 ==
== cleanup done Sun May 17 09:00:01 AM UTC 2026 ==
== cleanup start Sun May 17 10:00:01 AM UTC 2026 ==
== cleanup done Sun May 17 10:00:01 AM UTC 2026 ==
== cleanup start Sun May 17 11:00:01 AM UTC 2026 ==
== cleanup done Sun May 17 11:00:01 AM UTC 2026 ==
== cleanup start Sun May 17 12:00:01 PM UTC 2026 ==
== cleanup done Sun May 17 12:00:01 PM UTC 2026 ==
== cleanup start Sun May 17 01:00:01 PM UTC 2026 ==
== cleanup done Sun May 17 01:00:01 PM UTC 2026 ==
== cleanup start Sun May 17 02:00:01 PM UTC 2026 ==
== cleanup done Sun May 17 02:00:01 PM UTC 2026 ==
== cleanup start Sun May 17 03:00:01 PM UTC 2026 ==
== cleanup done Sun May 17 03:00:01 PM UTC 2026 ==
== cleanup start Sun May 17 04:00:01 PM UTC 2026 ==
== cleanup done Sun May 17 04:00:01 PM UTC 2026 ==
== cleanup start Sun May 17 05:00:01 PM UTC 2026 ==
== cleanup done Sun May 17 05:00:01 PM UTC 2026 ==
== cleanup start Sun May 17 06:00:01 PM UTC 2026 ==
== cleanup done Sun May 17 06:00:01 PM UTC 2026 ==
== cleanup start Sun May 17 07:00:01 PM UTC 2026 ==
== cleanup done Sun May 17 07:00:01 PM UTC 2026 ==
== cleanup start Sun May 17 08:00:01 PM UTC 2026 ==
== cleanup done Sun May 17 08:00:01 PM UTC 2026 ==
== cleanup start Sun May 17 09:00:01 PM UTC 2026 ==
== cleanup done Sun May 17 09:00:01 PM UTC 2026 ==
== cleanup start Sun May 17 10:00:01 PM UTC 2026 ==
== cleanup done Sun May 17 10:00:01 PM UTC 2026 ==
== cleanup start Sun May 17 11:00:01 PM UTC 2026 ==
== cleanup done Sun May 17 11:00:01 PM UTC 2026 ==
== cleanup start Mon May 18 12:00:01 AM UTC 2026 ==
== cleanup done Mon May 18 12:00:01 AM UTC 2026 ==
== cleanup start Mon May 18 01:00:01 AM UTC 2026 ==
== cleanup done Mon May 18 01:00:01 AM UTC 2026 ==
== cleanup start Mon May 18 02:00:01 AM UTC 2026 ==
== cleanup done Mon May 18 02:00:02 AM UTC 2026 ==
== cleanup start Mon May 18 03:00:01 AM UTC 2026 ==
== cleanup done Mon May 18 03:00:01 AM UTC 2026 ==
== cleanup start Mon May 18 04:00:01 AM UTC 2026 ==
== cleanup done Mon May 18 04:00:01 AM UTC 2026 ==
== cleanup start Mon May 18 05:00:01 AM UTC 2026 ==
== cleanup done Mon May 18 05:00:01 AM UTC 2026 ==
== cleanup start Mon May 18 06:00:01 AM UTC 2026 ==
== cleanup done Mon May 18 06:00:01 AM UTC 2026 ==
== cleanup start Mon May 18 07:00:01 AM UTC 2026 ==
== cleanup done Mon May 18 07:00:01 AM UTC 2026 ==
== cleanup start Mon May 18 08:00:01 AM UTC 2026 ==
== cleanup done Mon May 18 08:00:02 AM UTC 2026 ==
== cleanup start Mon May 18 09:00:01 AM UTC 2026 ==
== cleanup done Mon May 18 09:00:01 AM UTC 2026 ==
== cleanup start Mon May 18 10:00:01 AM UTC 2026 ==
== cleanup done Mon May 18 10:00:01 AM UTC 2026 ==
== cleanup start Mon May 18 11:00:01 AM UTC 2026 ==
== cleanup done Mon May 18 11:00:01 AM UTC 2026 ==
== cleanup start Mon May 18 12:00:01 PM UTC 2026 ==
== cleanup done Mon May 18 12:00:01 PM UTC 2026 ==
== cleanup start Mon May 18 01:00:01 PM UTC 2026 ==
== cleanup done Mon May 18 01:00:01 PM UTC 2026 ==
== cleanup start Mon May 18 02:00:01 PM UTC 2026 ==
== cleanup done Mon May 18 02:00:01 PM UTC 2026 ==
== cleanup start Mon May 18 03:00:01 PM UTC 2026 ==
== cleanup done Mon May 18 03:00:01 PM UTC 2026 ==
== cleanup start Mon May 18 04:00:01 PM UTC 2026 ==
== cleanup done Mon May 18 04:00:01 PM UTC 2026 ==
== cleanup start Mon May 18 05:00:01 PM UTC 2026 ==
== cleanup done Mon May 18 05:00:01 PM UTC 2026 ==
== cleanup start Mon May 18 06:00:01 PM UTC 2026 ==
== cleanup done Mon May 18 06:00:01 PM UTC 2026 ==
== cleanup start Mon May 18 07:00:01 PM UTC 2026 ==
== cleanup done Mon May 18 07:00:01 PM UTC 2026 ==
== cleanup start Mon May 18 08:00:01 PM UTC 2026 ==
== cleanup done Mon May 18 08:00:01 PM UTC 2026 ==
== cleanup start Mon May 18 09:00:01 PM UTC 2026 ==
== cleanup done Mon May 18 09:00:01 PM UTC 2026 ==
== cleanup start Mon May 18 10:00:01 PM UTC 2026 ==
== cleanup done Mon May 18 10:00:01 PM UTC 2026 ==
== cleanup start Mon May 18 11:00:01 PM UTC 2026 ==
== cleanup done Mon May 18 11:00:02 PM UTC 2026 ==
== cleanup start Tue May 19 12:00:01 AM UTC 2026 ==
== cleanup done Tue May 19 12:00:01 AM UTC 2026 ==
== cleanup start Tue May 19 01:00:01 AM UTC 2026 ==
== cleanup done Tue May 19 01:00:01 AM UTC 2026 ==
== cleanup start Tue May 19 02:00:01 AM UTC 2026 ==
== cleanup done Tue May 19 02:00:01 AM UTC 2026 ==
== cleanup start Tue May 19 03:00:01 AM UTC 2026 ==
== cleanup done Tue May 19 03:00:01 AM UTC 2026 ==
== cleanup start Tue May 19 04:00:01 AM UTC 2026 ==
== cleanup done Tue May 19 04:00:01 AM UTC 2026 ==
== cleanup start Tue May 19 05:00:01 AM UTC 2026 ==
== cleanup done Tue May 19 05:00:01 AM UTC 2026 ==
== cleanup start Tue May 19 06:00:01 AM UTC 2026 ==
== cleanup done Tue May 19 06:00:01 AM UTC 2026 ==
== cleanup start Tue May 19 07:00:01 AM UTC 2026 ==
== cleanup done Tue May 19 07:00:01 AM UTC 2026 ==
== cleanup start Tue May 19 08:00:01 AM UTC 2026 ==
== cleanup done Tue May 19 08:00:01 AM UTC 2026 ==
== cleanup start Tue May 19 09:00:01 AM UTC 2026 ==
== cleanup done Tue May 19 09:00:01 AM UTC 2026 ==
== cleanup start Tue May 19 10:00:01 AM UTC 2026 ==
== cleanup done Tue May 19 10:00:01 AM UTC 2026 ==
== cleanup start Tue May 19 11:00:01 AM UTC 2026 ==
== cleanup done Tue May 19 11:00:01 AM UTC 2026 ==
== cleanup start Tue May 19 12:00:02 PM UTC 2026 ==
== cleanup done Tue May 19 12:00:02 PM UTC 2026 ==
== cleanup start Tue May 19 01:00:01 PM UTC 2026 ==
== cleanup done Tue May 19 01:00:01 PM UTC 2026 ==
== cleanup start Tue May 19 02:00:01 PM UTC 2026 ==
== cleanup done Tue May 19 02:00:01 PM UTC 2026 ==
== cleanup start Tue May 19 03:00:01 PM UTC 2026 ==
== cleanup done Tue May 19 03:00:01 PM UTC 2026 ==
== cleanup start Tue May 19 04:00:01 PM UTC 2026 ==
== cleanup done Tue May 19 04:00:01 PM UTC 2026 ==
== cleanup start Tue May 19 05:00:01 PM UTC 2026 ==
== cleanup done Tue May 19 05:00:01 PM UTC 2026 ==
== cleanup start Tue May 19 06:00:01 PM UTC 2026 ==
== cleanup done Tue May 19 06:00:01 PM UTC 2026 ==
== cleanup start Tue May 19 07:00:01 PM UTC 2026 ==
== cleanup done Tue May 19 07:00:02 PM UTC 2026 ==
== cleanup start Tue May 19 08:00:01 PM UTC 2026 ==
== cleanup done Tue May 19 08:00:01 PM UTC 2026 ==
== cleanup start Tue May 19 09:00:01 PM UTC 2026 ==
== cleanup done Tue May 19 09:00:01 PM UTC 2026 ==
